<?xml version="1.0" encoding="UTF-8"?>
<!-- Generated by org.testng.reporters.JUnitXMLReporter -->
<testsuite ignored="0" hostname="LAPTOP-EOPMK1NG" failures="0" tests="11" name="Test" time="120.762" errors="0" timestamp="2023-02-21T11:10:31 IST">
  <testcase classname="OrangeHRM.NewTest" name="f" time="0.015"/>
  <testcase classname="OrangeHRM.LoginHrm" name="Login" time="1.769"/>
  <testcase classname="OrangeHRM.ForgotPassword" name="Forgot_Password" time="2.371"/>
  <testcase classname="OrangeHRM.ResetPassword" name="Reset_Password" time="3.475"/>
  <testcase classname="OrangeHRM.EmployReview" name="Employ_Review" time="12.969"/>
  <testcase classname="OrangeHRM.SupportPage" name="Support_Page" time="5.832"/>
  <testcase classname="OrangeHRM.Employ_performanance" name="EmployPerformanance" time="6.104"/>
  <testcase classname="OrangeHRM.PostNewsFeed" name="PostNews_Feed" time="4.006"/>
  <testcase classname="OrangeHRM.DeletePost" name="Delete_Post" time="7.471"/>
  <testcase classname="OrangeHRM.EmployRecords" name="Employ_Records" time="10.781"/>
  <testcase classname="OrangeHRM.Logout" name="Log_out" time="4.468"/>
</testsuite> <!-- Test -->
